2025-02-26 16:36:01 - INFO - Credentials fetching process started
2025-02-26 16:36:02 - INFO - Successfully fetched credentials
2025-02-26 16:36:14 - INFO - Sanity checks process started
2025-02-26 16:36:14 - INFO - Platform: Linux
2025-02-26 16:36:14 - INFO - Version: 11.3.0
2025-02-26 16:36:14 - INFO - ArcGIS Enterprise is running on the following URLs:
2025-02-26 16:36:14 - INFO - 	https://maconbibb.spatialitics.net/portal
2025-02-26 16:36:15 - INFO - 	https://maconbibb.spatialitics.net/image
2025-02-26 16:36:15 - INFO - 	https://maconbibb.spatialitics.net/server
2025-02-26 16:36:15 - INFO - 	https://maconbibb.spatialitics.net/fdserver
2025-02-26 16:36:15 - INFO - The Portal license will expire on 22 July 2027.
2025-02-26 16:36:17 - INFO - The Server(s) license will expire on 22 July 2027.
2025-02-26 16:36:22 - INFO - The SSL Certificate on Private endpoint will expire on 25 June 2025.
2025-02-26 16:36:23 - INFO - The SSL Certificate on WebContext URL 'maconbibb.spatialitics.net' will expire on 25 June 2025.
2025-02-26 16:36:24 - INFO - Portal Indexer status is successful
2025-02-26 16:36:24 - INFO - Portal Health check is successful
2025-02-26 16:36:27 - INFO - Server machine vm-prdmbis-001.spatialitics.net is healthy
2025-02-26 16:36:29 - INFO - Server machine vm-prdmbhs-001.spatialitics.net is healthy
2025-02-26 16:36:31 - INFO - Server machine vm-prdmbfs-001.spatialitics.net is healthy
2025-02-26 16:36:41 - INFO - Relational Datastore /enterpriseDatabases/AGSDataStore_ds_35ds7a67 validation is successful
2025-02-26 16:36:46 - INFO - File Geodatabase 'Sanity_Checks' uploaded successfully.
2025-02-26 16:37:03 - INFO - Feature Service 'Sanity_Checks' published successfully.
2025-02-26 16:37:08 - INFO - Hosted Feature Layer 'counties' has 3141 records.
2025-02-26 16:37:08 - INFO - Hosted Feature services are rendering successfully.
2025-02-26 16:37:09 - INFO - File Geodatabase 'Sanity_Checks' deleted successfully.
2025-02-26 16:37:11 - INFO - Feature Service 'Sanity_Checks' deleted successfully.
